新标签名称为: v1.4.24
暂存当前更改...
Saved working directory and index state WIP on main: 741d706 Merge branch 'dev'
从 origin/main 拉取最新代码...
Already up to date.
恢复暂存的更改...
On branch main
Changes not staged for commit:
  (use "git add <file>..." to update what will be committed)
  (use "git restore <file>..." to discard changes in working directory)
	modified:   repos.sh

Untracked files:
  (use "git add <file>..." to include in what will be committed)
	deploy.log

no changes added to commit (use "git add" and/or "git commit -a")
Dropped refs/stash@{0} (64c393d2257f88b2ede8540ffdb0f66961195c80)
添加所有更改...
从 origin/main 拉取最新代码...
Already up to date.
恢复暂存的更改...
On branch main
Changes not staged for commit:
  (use "git add <file>..." to update what will be committed)
  (use "git restore <file>..." to discard changes in working directory)
	modified:   deploy.log

no changes added to commit (use "git add" and/or "git commit -a")
The stash entry is kept in case you need it again.
添加所有更改...
从 origin/main 拉取最新代码...
Already up to date.
恢复暂存的更改...
On branch main
Changes not staged for commit:
  (use "git add <file>..." to update what will be committed)
  (use "git restore <file>..." to discard changes in working directory)
	modified:   deploy.log

no changes added to commit (use "git add" and/or "git commit -a")
The stash entry is kept in case you need it again.
添加所有更改...
从 origin/dev 拉取最新代码...
已经是最新的。
恢复暂存的更改...
位于分支 dev
尚未暂存以备提交的变更：
  （使用 "git add <文件>..." 更新要提交的内容）
  （使用 "git restore <文件>..." 丢弃工作区的改动）
	修改：     deploy.log

修改尚未加入提交（使用 "git add" 和/或 "git commit -a"）
贮藏条目被保留以备您再次需要。
添加所有更改...
从 origin/dev 拉取最新代码...
已经是最新的。
恢复暂存的更改...
位于分支 dev
尚未暂存以备提交的变更：
  （使用 "git add <文件>..." 更新要提交的内容）
  （使用 "git restore <文件>..." 丢弃工作区的改动）
	修改：     deploy.log

修改尚未加入提交（使用 "git add" 和/或 "git commit -a"）
贮藏条目被保留以备您再次需要。
添加所有更改...
从 origin/dev 拉取最新代码...
已经是最新的。
恢复暂存的更改...
位于分支 dev
尚未暂存以备提交的变更：
  （使用 "git add <文件>..." 更新要提交的内容）
  （使用 "git restore <文件>..." 丢弃工作区的改动）
	修改：     deploy.log

修改尚未加入提交（使用 "git add" 和/或 "git commit -a"）
贮藏条目被保留以备您再次需要。
添加所有更改...
从 origin/dev 拉取最新代码...
已经是最新的。
恢复暂存的更改...
位于分支 dev
尚未暂存以备提交的变更：
  （使用 "git add <文件>..." 更新要提交的内容）
  （使用 "git restore <文件>..." 丢弃工作区的改动）
	修改：     deploy.log

修改尚未加入提交（使用 "git add" 和/或 "git commit -a"）
贮藏条目被保留以备您再次需要。
添加所有更改...
